<?xml version="1.0" encoding="UTF-8"?>
<testng-results skipped="0" failed="0" ignored="0" total="1" passed="1">
  <reporter-output>
  </reporter-output>
  <suite name="Default suite" duration-ms="44485" started-at="2018-12-20T04:01:22Z" finished-at="2018-12-20T04:02:06Z">
    <groups>
    </groups>
    <test name="Default test" duration-ms="44485" started-at="2018-12-20T04:01:22Z" finished-at="2018-12-20T04:02:06Z">
      <class name="com.testscript.TC_logintestclass">
        <test-method status="PASS" signature="setup()[pri:0, instance:com.testscript.TC_logintestclass@1832929]" name="setup" is-config="true" duration-ms="2538" started-at="2018-12-20T09:31:19Z" finished-at="2018-12-20T09:31:22Z">
          <reporter-output>
          </reporter-output>
        </test-method> <!-- setup -->
        <test-method status="PASS" signature="openapp()[pri:0, instance:com.testscript.TC_logintestclass@1832929]" name="openapp" is-config="true" duration-ms="6730" started-at="2018-12-20T09:31:22Z" finished-at="2018-12-20T09:31:29Z">
          <reporter-output>
          </reporter-output>
        </test-method> <!-- openapp -->
        <test-method status="PASS" signature="logintest()[pri:0, instance:com.testscript.TC_logintestclass@1832929]" name="logintest" duration-ms="37463" started-at="2018-12-20T09:31:29Z" finished-at="2018-12-20T09:32:06Z">
          <reporter-output>
          </reporter-output>
        </test-method> <!-- logintest -->
        <test-method status="PASS" signature="closeapp()[pri:0, instance:com.testscript.TC_logintestclass@1832929]" name="closeapp" is-config="true" duration-ms="265" started-at="2018-12-20T09:32:06Z" finished-at="2018-12-20T09:32:06Z">
          <reporter-output>
          </reporter-output>
        </test-method> <!-- closeapp -->
      </class> <!-- com.testscript.TC_logintestclass -->
    </test> <!-- Default test -->
  </suite> <!-- Default suite -->
</testng-results>
