<?xml version="1.0" encoding="UTF-8"?>
<testng-results skipped="0" failed="0" ignored="0" total="1" passed="1">
  <reporter-output>
  </reporter-output>
  <suite name="Suite" duration-ms="62082" started-at="2018-12-20T04:22:32Z" finished-at="2018-12-20T04:23:34Z">
    <groups>
    </groups>
    <test name="Test" duration-ms="62082" started-at="2018-12-20T04:22:32Z" finished-at="2018-12-20T04:23:34Z">
      <class name="com.testscript.TC_logintestclass">
        <test-method status="PASS" signature="setup()[pri:0, instance:com.testscript.TC_logintestclass@1832929]" name="setup" is-config="true" duration-ms="3898" started-at="2018-12-20T09:52:28Z" finished-at="2018-12-20T09:52:32Z">
          <reporter-output>
          </reporter-output>
        </test-method> <!-- setup -->
        <test-method status="PASS" signature="openapp()[pri:0, instance:com.testscript.TC_logintestclass@1832929]" name="openapp" is-config="true" duration-ms="29863" started-at="2018-12-20T09:52:32Z" finished-at="2018-12-20T09:53:02Z">
          <reporter-output>
          </reporter-output>
        </test-method> <!-- openapp -->
        <test-method status="PASS" signature="logintest()[pri:0, instance:com.testscript.TC_logintestclass@1832929]" name="logintest" duration-ms="30927" started-at="2018-12-20T09:53:02Z" finished-at="2018-12-20T09:53:33Z">
          <reporter-output>
          </reporter-output>
        </test-method> <!-- logintest -->
        <test-method status="PASS" signature="closeapp()[pri:0, instance:com.testscript.TC_logintestclass@1832929]" name="closeapp" is-config="true" duration-ms="1186" started-at="2018-12-20T09:53:33Z" finished-at="2018-12-20T09:53:34Z">
          <reporter-output>
          </reporter-output>
        </test-method> <!-- closeapp -->
      </class> <!-- com.testscript.TC_logintestclass -->
    </test> <!-- Test -->
  </suite> <!-- Suite -->
</testng-results>
